# JRE version: OpenJDK Runtime Environment (8.0_302-b08) (build 1.8.0_302-b08)
# Java VM: OpenJDK 64-Bit Server VM (25.302-b08 mixed mode windows-amd64 compressed oops)
Heap:
 PSYoungGen      total 37888K, used 18508K [0x00000000d6780000, 0x00000000d9180000, 0x0000000100000000)
  eden space 32768K, 56% used [0x00000000d6780000,0x00000000d79931f8,0x00000000d8780000)
  from space 5120K, 0% used [0x00000000d8780000,0x00000000d8780000,0x00000000d8c80000)
  to   space 5120K, 0% used [0x00000000d8c80000,0x00000000d8c80000,0x00000000d9180000)
 ParOldGen       total 50688K, used 8637K [0x0000000083600000, 0x0000000086780000, 0x00000000d6780000)
  object space 50688K, 17% used [0x0000000083600000,0x0000000083e6f790,0x0000000086780000)
 Metaspace       used 24070K, capacity 24369K, committed 24704K, reserved 1071104K
  class space    used 2503K, capacity 2615K, committed 2688K, reserved 1048576K
GC Heap History (8 events):
Event: 1.950 GC heap before
{Heap before GC invocations=1 (full 0):
 PSYoungGen      total 37888K, used 32768K [0x00000000d6780000, 0x00000000d9180000, 0x0000000100000000)
  eden space 32768K, 100% used [0x00000000d6780000,0x00000000d8780000,0x00000000d8780000)
  from space 5120K, 0% used [0x00000000d8c80000,0x00000000d8c80000,0x00000000d9180000)
  to   space 5120K, 0% used [0x00000000d8780000,0x00000000d8780000,0x00000000d8c80000)
 ParOldGen       total 86016K, used 0K [0x0000000083600000, 0x0000000088a00000, 0x00000000d6780000)
  object space 86016K, 0% used [0x0000000083600000,0x0000000083600000,0x0000000088a00000)
 Metaspace       used 13177K, capacity 13402K, committed 13568K, reserved 1060864K
  class space    used 1413K, capacity 1509K, committed 1536K, reserved 1048576K
Event: 1.961 GC heap after
Heap after GC invocations=1 (full 0):
 PSYoungGen      total 37888K, used 5091K [0x00000000d6780000, 0x00000000d9180000, 0x0000000100000000)
  eden space 32768K, 0% used [0x00000000d6780000,0x00000000d6780000,0x00000000d8780000)
  from space 5120K, 99% used [0x00000000d8780000,0x00000000d8c78e98,0x00000000d8c80000)
  to   space 5120K, 0% used [0x00000000d8c80000,0x00000000d8c80000,0x00000000d9180000)
 ParOldGen       total 86016K, used 5544K [0x0000000083600000, 0x0000000088a00000, 0x00000000d6780000)
  object space 86016K, 6% used [0x0000000083600000,0x0000000083b6a158,0x0000000088a00000)
 Metaspace       used 13177K, capacity 13402K, committed 13568K, reserved 1060864K
  class space    used 1413K, capacity 1509K, committed 1536K, reserved 1048576K
}
Event: 3.233 GC heap before
{Heap before GC invocations=2 (full 0):
 PSYoungGen      total 37888K, used 37859K [0x00000000d6780000, 0x00000000d9180000, 0x0000000100000000)
  eden space 32768K, 100% used [0x00000000d6780000,0x00000000d8780000,0x00000000d8780000)
  from space 5120K, 99% used [0x00000000d8780000,0x00000000d8c78e98,0x00000000d8c80000)
  to   space 5120K, 0% used [0x00000000d8c80000,0x00000000d8c80000,0x00000000d9180000)
 ParOldGen       total 86016K, used 5544K [0x0000000083600000, 0x0000000088a00000, 0x00000000d6780000)
  object space 86016K, 6% used [0x0000000083600000,0x0000000083b6a158,0x0000000088a00000)
 Metaspace       used 17511K, capacity 17709K, committed 17920K, reserved 1064960K
  class space    used 1694K, capacity 1791K, committed 1792K, reserved 1048576K
Event: 3.239 GC heap after
Heap after GC invocations=2 (full 0):
 PSYoungGen      total 37888K, used 5090K [0x00000000d6780000, 0x00000000d9180000, 0x0000000100000000)
  eden space 32768K, 0% used [0x00000000d6780000,0x00000000d6780000,0x00000000d8780000)
  from space 5120K, 99% used [0x00000000d8c80000,0x00000000d9178a80,0x00000000d9180000)
  to   space 5120K, 0% used [0x00000000d8780000,0x00000000d8780000,0x00000000d8c80000)
 ParOldGen       total 86016K, used 12486K [0x0000000083600000, 0x0000000088a00000, 0x00000000d6780000)
  object space 86016K, 14% used [0x0000000083600000,0x00000000842318c0,0x0000000088a00000)
 Metaspace       used 17511K, capacity 17709K, committed 17920K, reserved 1064960K
  class space    used 1694K, capacity 1791K, committed 1792K, reserved 1048576K
}
Event: 69.014 GC heap before
{Heap before GC invocations=3 (full 0):
 PSYoungGen      total 37888K, used 23042K [0x00000000d6780000, 0x00000000d9180000, 0x0000000100000000)
  eden space 32768K, 54% used [0x00000000d6780000,0x00000000d7908030,0x00000000d8780000)
  from space 5120K, 99% used [0x00000000d8c80000,0x00000000d9178a80,0x00000000d9180000)
  to   space 5120K, 0% used [0x00000000d8780000,0x00000000d8780000,0x00000000d8c80000)
 ParOldGen       total 86016K, used 12486K [0x0000000083600000, 0x0000000088a00000, 0x00000000d6780000)
  object space 86016K, 14% used [0x0000000083600000,0x00000000842318c0,0x0000000088a00000)
 Metaspace       used 20909K, capacity 21109K, committed 21248K, reserved 1069056K
  class space    used 2109K, capacity 2193K, committed 2304K, reserved 1048576K
Event: 69.023 GC heap after
Heap after GC invocations=3 (full 0):
 PSYoungGen      total 37888K, used 5103K [0x00000000d6780000, 0x00000000d9180000, 0x0000000100000000)
  eden space 32768K, 0% used [0x00000000d6780000,0x00000000d6780000,0x00000000d8780000)
  from space 5120K, 99% used [0x00000000d8780000,0x00000000d8c7beb0,0x00000000d8c80000)
  to   space 5120K, 0% used [0x00000000d8c80000,0x00000000d8c80000,0x00000000d9180000)
 ParOldGen       total 86016K, used 12643K [0x0000000083600000, 0x0000000088a00000, 0x00000000d6780000)
  object space 86016K, 14% used [0x0000000083600000,0x0000000084258d40,0x0000000088a00000)
 Metaspace       used 20909K, capacity 21109K, committed 21248K, reserved 1069056K
  class space    used 2109K, capacity 2193K, committed 2304K, reserved 1048576K
}
Event: 69.023 GC heap before
{Heap before GC invocations=4 (full 1):
 PSYoungGen      total 37888K, used 5103K [0x00000000d6780000, 0x00000000d9180000, 0x0000000100000000)
  eden space 32768K, 0% used [0x00000000d6780000,0x00000000d6780000,0x00000000d8780000)
  from space 5120K, 99% used [0x00000000d8780000,0x00000000d8c7beb0,0x00000000d8c80000)
  to   space 5120K, 0% used [0x00000000d8c80000,0x00000000d8c80000,0x00000000d9180000)
 ParOldGen       total 86016K, used 12643K [0x0000000083600000, 0x0000000088a00000, 0x00000000d6780000)
  object space 86016K, 14% used [0x0000000083600000,0x0000000084258d40,0x0000000088a00000)
 Metaspace       used 20909K, capacity 21109K, committed 21248K, reserved 1069056K
  class space    used 2109K, capacity 2193K, committed 2304K, reserved 1048576K
Event: 69.081 GC heap after
Heap after GC invocations=4 (full 1):
 PSYoungGen      total 37888K, used 0K [0x00000000d6780000, 0x00000000d9180000, 0x0000000100000000)
  eden space 32768K, 0% used [0x00000000d6780000,0x00000000d6780000,0x00000000d8780000)
  from space 5120K, 0% used [0x00000000d8780000,0x00000000d8780000,0x00000000d8c80000)
  to   space 5120K, 0% used [0x00000000d8c80000,0x00000000d8c80000,0x00000000d9180000)
 ParOldGen       total 50688K, used 8637K [0x0000000083600000, 0x0000000086780000, 0x00000000d6780000)
  object space 50688K, 17% used [0x0000000083600000,0x0000000083e6f790,0x0000000086780000)
 Metaspace       used 20909K, capacity 21109K, committed 21248K, reserved 1069056K
  class space    used 2109K, capacity 2193K, committed 2304K, reserved 1048576K
}

